Created by PLY version 3.11 (http://www.dabeaz.com/ply)

Unused terminals:

    AND
    ASSERT
    BIN_NUMBER
    BITWISE_AND
    BITWISE_AND_EQ
    BITWISE_NOT
    BITWISE_OR
    BITWISE_OR_EQ
    BITWISE_XOR
    BITWISE_XOR_EQ
    BOOLEAN
    BREAK
    BYTE
    CASE
    CATCH
    CHAR
    CONST
    CONTINUE
    DECREMENT
    DEFAULT
    DIVIDE
    DIVIDE_EQ
    DOT
    DOUBLE_NUMBER
    ENUM
    EQ
    FINALLY
    FLOAT_NUMBER
    GEQ
    GOTO
    GT
    HEXA_NUMBER
    IGUAL
    IMPORT
    INCREMENT
    INSTANCEOF
    INTERFACE
    INT_NUMBER
    LBRACKET
    LEQ
    LONG
    LSHIFT
    LSHIFT_EQ
    LT
    MINUS
    MINUS_EQ
    MOD_EQ
    MULTICOMMENT
    NATIVE
    NEQ
    NEW
    NOT
    OCTAL_NUMBER
    OR
    PACKAGE
    PLUS
    PLUS_EQ
    POT
    RBRACKET
    RETURN
    RSHIFT
    RSHIFT_EQ
    SHORT
    STRICTFP
    STRING
    SUPER
    SWITCH
    SYNCHRONIZED
    THIS
    THROW
    THROWS
    TIMES
    TIMES_EQ
    TRANSIENT
    TRY
    UNICOMMENT
    URSHIFT
    URSHIFT_EQ
    VOID
    VOLATILE

Grammar

Rule 0     S' -> program
Rule 1     program -> class
Rule 2     class -> visibility classmodifier CLASS ID EXTENDS ID LCHAV membros RCHAV
Rule 3     class -> visibility classmodifier CLASS ID LCHAV membros RCHAV
Rule 4     class -> visibility classmodifier CLASS ID IMPLEMENTS LCHAV membros RCHAV
Rule 5     visibility -> PUBLIC
Rule 6     visibility -> PRIVATE
Rule 7     visibility -> PROTECTED
Rule 8     visibility -> <empty>
Rule 9     classmodifier -> <empty>
Rule 10    classmodifier -> ABSTRACT
Rule 11    classmodifier -> FINAL
Rule 12    membros -> membro
Rule 13    membros -> membro membros
Rule 14    membro -> atribute
Rule 15    membro -> function
Rule 16    atribute -> visibility atributemodifier ID
Rule 17    atributemodifier -> <empty>
Rule 18    atributemodifier -> STATIC
Rule 19    atributemodifier -> FINAL
Rule 20    function -> signature body
Rule 21    signature -> visibility ID ID LPAREN sigparams RPAREN
Rule 22    sigparams -> ID
Rule 23    sigparams -> ID COMMA sigparams
Rule 24    body -> LCHAV stms RCHAV
Rule 25    stms -> stm
Rule 26    stms -> stm stms
Rule 27    stm -> exp PV
Rule 28    stm -> WHILE LPAREN exp RPAREN bodyorstm
Rule 29    stm -> DO bodyorstm WHILE LPAREN exp RPAREN PV
Rule 30    stm -> FOR LPAREN exp PV exp PV exp PV RPAREN bodyorstm
Rule 31    stm -> IF LPAREN exp RPAREN bodyorstm
Rule 32    stm -> IF LPAREN exp RPAREN bodyorstm ELSE bodyorstm
Rule 33    stm -> IF LPAREN exp
Rule 34    bodyorstm -> body
Rule 35    bodyorstm -> stm

Terminals, with rules where they appear

ABSTRACT             : 10
AND                  : 
ASSERT               : 
BIN_NUMBER           : 
BITWISE_AND          : 
BITWISE_AND_EQ       : 
BITWISE_NOT          : 
BITWISE_OR           : 
BITWISE_OR_EQ        : 
BITWISE_XOR          : 
BITWISE_XOR_EQ       : 
BOOLEAN              : 
BREAK                : 
BYTE                 : 
CASE                 : 
CATCH                : 
CHAR                 : 
CLASS                : 2 3 4
COMMA                : 23
CONST                : 
CONTINUE             : 
DECREMENT            : 
DEFAULT              : 
DIVIDE               : 
DIVIDE_EQ            : 
DO                   : 29
DOT                  : 
DOUBLE_NUMBER        : 
ELSE                 : 32
ENUM                 : 
EQ                   : 
EXTENDS              : 2
FINAL                : 11 19
FINALLY              : 
FLOAT_NUMBER         : 
FOR                  : 30
GEQ                  : 
GOTO                 : 
GT                   : 
HEXA_NUMBER          : 
ID                   : 2 2 3 4 16 21 21 22 23
IF                   : 31 32 33
IGUAL                : 
IMPLEMENTS           : 4
IMPORT               : 
INCREMENT            : 
INSTANCEOF           : 
INTERFACE            : 
INT_NUMBER           : 
LBRACKET             : 
LCHAV                : 2 3 4 24
LEQ                  : 
LONG                 : 
LPAREN               : 21 28 29 30 31 32 33
LSHIFT               : 
LSHIFT_EQ            : 
LT                   : 
MINUS                : 
MINUS_EQ             : 
MOD_EQ               : 
MULTICOMMENT         : 
NATIVE               : 
NEQ                  : 
NEW                  : 
NOT                  : 
OCTAL_NUMBER         : 
OR                   : 
PACKAGE              : 
PLUS                 : 
PLUS_EQ              : 
POT                  : 
PRIVATE              : 6
PROTECTED            : 7
PUBLIC               : 5
PV                   : 27 29 30 30 30
RBRACKET             : 
RCHAV                : 2 3 4 24
RETURN               : 
RPAREN               : 21 28 29 30 31 32
RSHIFT               : 
RSHIFT_EQ            : 
SHORT                : 
STATIC               : 18
STRICTFP             : 
STRING               : 
SUPER                : 
SWITCH               : 
SYNCHRONIZED         : 
THIS                 : 
THROW                : 
THROWS               : 
TIMES                : 
TIMES_EQ             : 
TRANSIENT            : 
TRY                  : 
UNICOMMENT           : 
URSHIFT              : 
URSHIFT_EQ           : 
VOID                 : 
VOLATILE             : 
WHILE                : 28 29
error                : 

Nonterminals, with rules where they appear

atribute             : 14
atributemodifier     : 16
body                 : 20 34
bodyorstm            : 28 29 30 31 32 32
class                : 1
classmodifier        : 2 3 4
exp                  : 27 28 29 30 30 30 31 32 33
function             : 15
membro               : 12 13
membros              : 2 3 4 13
program              : 0
signature            : 20
sigparams            : 21 23
stm                  : 25 26 35
stms                 : 24 26
visibility           : 2 3 4 16 21

